<?xml version="1.0" encoding="UTF-8"?>
<!-- Generated by org.testng.reporters.JUnitXMLReporter -->
<testsuite hostname="IND-BLR-LT10086" ignored="0" name="test2" tests="5" failures="0" timestamp="30 Mar 2021 23:26:04 GMT" time="0.031" errors="0">
  <testcase name="parameterTest" time="0.008" classname="TestNG.Test6"/>
  <testcase name="saTest1" time="0.001" classname="TestNG.Test6"/>
  <testcase name="sampleTest1" time="0.001" classname="TestNG.Test7"/>
  <testcase name="sampleTest2" time="0.001" classname="TestNG.Test7"/>
  <testcase name="sampleTest3" time="0.0" classname="TestNG.Test7"/>
</testsuite> <!-- test2 -->
