<?xml version="1.0" encoding="UTF-8"?>
<!-- Generated by org.testng.reporters.JUnitXMLReporter -->
<testsuite hostname="IND-BLR-LT10086" ignored="2" name="Test" tests="5" failures="0" timestamp="05 Apr 2021 18:42:36 GMT" time="0.038" errors="0">
  <testcase name="testPr2" time="0.007" classname="TestNG.Test5"/>
  <testcase name="testPr5" time="0.001" classname="TestNG.Test5"/>
  <testcase name="testPr6" time="0.001" classname="TestNG.Test5"/>
  <testcase name="testPr4" time="0.001" classname="TestNG.Test5"/>
  <testcase name="testPr3" time="0.001" classname="TestNG.Test5"/>
  <testcase name="testPr1" time="0.0" classname="TestNG.Test5">
    <ignored/>
  </testcase> <!-- testPr1 -->
  <testcase name="group1" time="0.0" classname="TestNG.Test4">
    <ignored/>
  </testcase> <!-- group1 -->
</testsuite> <!-- Test -->
