<?xml version="1.0" encoding="UTF-8"?>
<testng-results skipped="0" failed="1" ignored="0" total="5" passed="4">
  <reporter-output>
  </reporter-output>
  <suite name="Default suite" duration-ms="6521" started-at="2021-04-24T18:51:50Z" finished-at="2021-04-24T18:51:57Z">
    <groups>
    </groups>
    <test name="Default test" duration-ms="6521" started-at="2021-04-24T18:51:50Z" finished-at="2021-04-24T18:51:57Z">
      <class name="Java.JavaInterview">
        <test-method status="PASS" signature="ascii()[pri:0, instance:Java.JavaInterview@1753acfe]" name="ascii" duration-ms="10" started-at="2021-04-25T00:21:50Z" finished-at="2021-04-25T00:21:50Z">
          <reporter-output>
          </reporter-output>
        </test-method> <!-- ascii -->
        <test-method status="FAIL" signature="one()[pri:0, instance:Java.JavaInterview@1753acfe]" name="one" duration-ms="6479" started-at="2021-04-25T00:21:50Z" finished-at="2021-04-25T00:21:57Z">
          <exception class="java.util.InputMismatchException">
            <full-stacktrace>
              <![CDATA[java.util.InputMismatchException
	at java.util.Scanner.throwFor(Unknown Source)
	at java.util.Scanner.next(Unknown Source)
	at java.util.Scanner.nextInt(Unknown Source)
	at java.util.Scanner.nextInt(Unknown Source)
	at Java.JavaInterview.one(JavaInterview.java:16)
	at sun.reflect.NativeMethodAccessorImpl.invoke0(Native Method)
	at sun.reflect.NativeMethodAccessorImpl.invoke(Unknown Source)
	at sun.reflect.DelegatingMethodAccessorImpl.invoke(Unknown Source)
	at java.lang.reflect.Method.invoke(Unknown Source)
	at org.testng.internal.MethodInvocationHelper.invokeMethod(MethodInvocationHelper.java:108)
	at org.testng.internal.Invoker.invokeMethod(Invoker.java:661)
	at org.testng.internal.Invoker.invokeTestMethod(Invoker.java:869)
	at org.testng.internal.Invoker.invokeTestMethods(Invoker.java:1193)
	at org.testng.internal.TestMethodWorker.invokeTestMethods(TestMethodWorker.java:126)
	at org.testng.internal.TestMethodWorker.run(TestMethodWorker.java:109)
	at org.testng.TestRunner.privateRun(TestRunner.java:744)
	at org.testng.TestRunner.run(TestRunner.java:602)
	at org.testng.SuiteRunner.runTest(SuiteRunner.java:380)
	at org.testng.SuiteRunner.runSequentially(SuiteRunner.java:375)
	at org.testng.SuiteRunner.privateRun(SuiteRunner.java:340)
	at org.testng.SuiteRunner.run(SuiteRunner.java:289)
	at org.testng.SuiteRunnerWorker.runSuite(SuiteRunnerWorker.java:52)
	at org.testng.SuiteRunnerWorker.run(SuiteRunnerWorker.java:86)
	at org.testng.TestNG.runSuitesSequentially(TestNG.java:1301)
	at org.testng.TestNG.runSuitesLocally(TestNG.java:1226)
	at org.testng.TestNG.runSuites(TestNG.java:1144)
	at org.testng.TestNG.run(TestNG.java:1115)
	at org.testng.remote.AbstractRemoteTestNG.run(AbstractRemoteTestNG.java:132)
	at org.testng.remote.RemoteTestNG.initAndRun(RemoteTestNG.java:230)
	at org.testng.remote.RemoteTestNG.main(RemoteTestNG.java:76)
]]>
            </full-stacktrace>
          </exception> <!-- java.util.InputMismatchException -->
          <reporter-output>
          </reporter-output>
        </test-method> <!-- one -->
        <test-method status="PASS" signature="quotientAndReminder()[pri:0, instance:Java.JavaInterview@1753acfe]" name="quotientAndReminder" duration-ms="2" started-at="2021-04-25T00:21:57Z" finished-at="2021-04-25T00:21:57Z">
          <reporter-output>
          </reporter-output>
        </test-method> <!-- quotientAndReminder -->
        <test-method status="PASS" signature="swap()[pri:0, instance:Java.JavaInterview@1753acfe]" name="swap" duration-ms="1" started-at="2021-04-25T00:21:57Z" finished-at="2021-04-25T00:21:57Z">
          <reporter-output>
          </reporter-output>
        </test-method> <!-- swap -->
        <test-method status="PASS" signature="two()[pri:0, instance:Java.JavaInterview@1753acfe]" name="two" duration-ms="1" started-at="2021-04-25T00:21:57Z" finished-at="2021-04-25T00:21:57Z">
          <reporter-output>
          </reporter-output>
        </test-method> <!-- two -->
      </class> <!-- Java.JavaInterview -->
    </test> <!-- Default test -->
  </suite> <!-- Default suite -->
</testng-results>
